{"/Users/bytedance/Desktop/utils/lib/array/exchangeItemByIndex.ts": {"path":"/Users/bytedance/Desktop/utils/lib/array/exchangeItemByIndex.ts","statementMap":{"0":{"start":{"line":1,"column":0},"end":{"line":1,"column":54}},"1":{"start":{"line":2,"column":0},"end":{"line":2,"column":44}},"2":{"start":{"line":13,"column":28},"end":{"line":34,"column":1}},"3":{"start":{"line":19,"column":2},"end":{"line":28,"column":null}},"4":{"start":{"line":27,"column":4},"end":{"line":27,"column":16}},"5":{"start":{"line":29,"column":28},"end":{"line":29,"column":56}},"6":{"start":{"line":30,"column":23},"end":{"line":30,"column":44}},"7":{"start":{"line":31,"column":2},"end":{"line":31,"column":46}},"8":{"start":{"line":32,"column":2},"end":{"line":32,"column":32}},"9":{"start":{"line":33,"column":2},"end":{"line":33,"column":20}},"10":{"start":{"line":36,"column":9},"end":{"line":36,"column":28}}},"fnMap":{"0":{"name":"(anonymous_0)","decl":{"start":{"line":13,"column":28},"end":{"line":13,"column":null}},"loc":{"start":{"line":17,"column":18},"end":{"line":34,"column":1}}}},"branchMap":{"0":{"loc":{"start":{"line":19,"column":2},"end":{"line":28,"column":null}},"type":"if","locations":[{"start":{"line":19,"column":2},"end":{"line":28,"column":null}},{"start":{"line":19,"column":2},"end":{"line":28,"column":null}}]},"1":{"loc":{"start":{"line":20,"column":4},"end":{"line":20,"column":17}},"type":"binary-expr","locations":[{"start":{"line":20,"column":4},"end":{"line":20,"column":17}},{"start":{"line":21,"column":4},"end":{"line":21,"column":34}},{"start":{"line":22,"column":4},"end":{"line":22,"column":15}},{"start":{"line":23,"column":4},"end":{"line":23,"column":32}},{"start":{"line":24,"column":4},"end":{"line":24,"column":22}},{"start":{"line":25,"column":4},"end":{"line":25,"column":20}}]}},"s":{"0":6,"1":6,"2":6,"3":6,"4":3,"5":3,"6":3,"7":3,"8":3,"9":3,"10":6},"f":{"0":6},"b":{"0":[3,3],"1":[6,5,5,5,3,3]}}
,"/Users/bytedance/Desktop/utils/lib/array/foreachList.ts": {"path":"/Users/bytedance/Desktop/utils/lib/array/foreachList.ts","statementMap":{"0":{"start":{"line":10,"column":20},"end":{"line":19,"column":1}},"1":{"start":{"line":14,"column":2},"end":{"line":18,"column":null}},"2":{"start":{"line":14,"column":15},"end":{"line":14,"column":16}},"3":{"start":{"line":15,"column":17},"end":{"line":15,"column":24}},"4":{"start":{"line":16,"column":20},"end":{"line":16,"column":45}},"5":{"start":{"line":17,"column":4},"end":{"line":17,"column":38}},"6":{"start":{"line":17,"column":26},"end":{"line":17,"column":38}},"7":{"start":{"line":21,"column":9},"end":{"line":21,"column":20}}},"fnMap":{"0":{"name":"(anonymous_0)","decl":{"start":{"line":10,"column":20},"end":{"line":10,"column":null}},"loc":{"start":{"line":13,"column":20},"end":{"line":19,"column":1}}}},"branchMap":{"0":{"loc":{"start":{"line":17,"column":4},"end":{"line":17,"column":38}},"type":"if","locations":[{"start":{"line":17,"column":4},"end":{"line":17,"column":38}},{"start":{"line":17,"column":4},"end":{"line":17,"column":38}}]}},"s":{"0":8,"1":31,"2":31,"3":91,"4":91,"5":91,"6":2,"7":8},"f":{"0":31},"b":{"0":[2,89]}}
,"/Users/bytedance/Desktop/utils/lib/array/randomItems.ts": {"path":"/Users/bytedance/Desktop/utils/lib/array/randomItems.ts","statementMap":{"0":{"start":{"line":1,"column":0},"end":{"line":1,"column":43}},"1":{"start":{"line":2,"column":0},"end":{"line":2,"column":41}},"2":{"start":{"line":13,"column":20},"end":{"line":28,"column":1}},"3":{"start":{"line":14,"column":2},"end":{"line":21,"column":null}},"4":{"start":{"line":20,"column":4},"end":{"line":20,"column":16}},"5":{"start":{"line":22,"column":21},"end":{"line":22,"column":23}},"6":{"start":{"line":23,"column":2},"end":{"line":26,"column":null}},"7":{"start":{"line":23,"column":15},"end":{"line":23,"column":16}},"8":{"start":{"line":24,"column":18},"end":{"line":24,"column":53}},"9":{"start":{"line":25,"column":4},"end":{"line":25,"column":39}},"10":{"start":{"line":27,"column":2},"end":{"line":27,"column":20}},"11":{"start":{"line":30,"column":9},"end":{"line":30,"column":20}}},"fnMap":{"0":{"name":"(anonymous_0)","decl":{"start":{"line":13,"column":20},"end":{"line":13,"column":21}},"loc":{"start":{"line":13,"column":74},"end":{"line":28,"column":1}}}},"branchMap":{"0":{"loc":{"start":{"line":13,"column":55},"end":{"line":13,"column":56}},"type":"default-arg","locations":[{"start":{"line":13,"column":55},"end":{"line":13,"column":56}}]},"1":{"loc":{"start":{"line":14,"column":2},"end":{"line":21,"column":null}},"type":"if","locations":[{"start":{"line":14,"column":2},"end":{"line":21,"column":null}},{"start":{"line":14,"column":2},"end":{"line":21,"column":null}}]},"2":{"loc":{"start":{"line":15,"column":4},"end":{"line":15,"column":27}},"type":"binary-expr","locations":[{"start":{"line":15,"column":4},"end":{"line":15,"column":27}},{"start":{"line":16,"column":4},"end":{"line":16,"column":36}},{"start":{"line":17,"column":4},"end":{"line":17,"column":20}}]}},"s":{"0":6,"1":6,"2":6,"3":23,"4":2,"5":21,"6":21,"7":21,"8":41,"9":41,"10":21,"11":6},"f":{"0":23},"b":{"0":[1],"1":[2,21],"2":[23,23,22]}}
,"/Users/bytedance/Desktop/utils/lib/array/range.ts": {"path":"/Users/bytedance/Desktop/utils/lib/array/range.ts","statementMap":{"0":{"start":{"line":1,"column":0},"end":{"line":1,"column":41}},"1":{"start":{"line":12,"column":14},"end":{"line":22,"column":1}},"2":{"start":{"line":14,"column":2},"end":{"line":16,"column":null}},"3":{"start":{"line":15,"column":4},"end":{"line":15,"column":16}},"4":{"start":{"line":17,"column":30},"end":{"line":17,"column":32}},"5":{"start":{"line":18,"column":2},"end":{"line":20,"column":null}},"6":{"start":{"line":18,"column":15},"end":{"line":18,"column":26}},"7":{"start":{"line":19,"column":4},"end":{"line":19,"column":22}},"8":{"start":{"line":21,"column":2},"end":{"line":21,"column":19}},"9":{"start":{"line":24,"column":9},"end":{"line":24,"column":14}}},"fnMap":{"0":{"name":"(anonymous_0)","decl":{"start":{"line":12,"column":14},"end":{"line":12,"column":15}},"loc":{"start":{"line":12,"column":60},"end":{"line":22,"column":1}}}},"branchMap":{"0":{"loc":{"start":{"line":14,"column":2},"end":{"line":16,"column":null}},"type":"if","locations":[{"start":{"line":14,"column":2},"end":{"line":16,"column":null}},{"start":{"line":14,"column":2},"end":{"line":16,"column":null}}]}},"s":{"0":6,"1":6,"2":4,"3":2,"4":2,"5":2,"6":2,"7":5,"8":2,"9":6},"f":{"0":4},"b":{"0":[2,2]}}
,"/Users/bytedance/Desktop/utils/lib/array/removeItemByIndex.ts": {"path":"/Users/bytedance/Desktop/utils/lib/array/removeItemByIndex.ts","statementMap":{"0":{"start":{"line":1,"column":0},"end":{"line":1,"column":54}},"1":{"start":{"line":2,"column":0},"end":{"line":2,"column":44}},"2":{"start":{"line":12,"column":26},"end":{"line":26,"column":1}},"3":{"start":{"line":13,"column":2},"end":{"line":15,"column":null}},"4":{"start":{"line":14,"column":4},"end":{"line":14,"column":40}},"5":{"start":{"line":17,"column":32},"end":{"line":17,"column":50}},"6":{"start":{"line":18,"column":28},"end":{"line":18,"column":30}},"7":{"start":{"line":19,"column":2},"end":{"line":24,"column":5}},"8":{"start":{"line":20,"column":4},"end":{"line":22,"column":null}},"9":{"start":{"line":21,"column":6},"end":{"line":21,"column":13}},"10":{"start":{"line":23,"column":4},"end":{"line":23,"column":26}},"11":{"start":{"line":25,"column":2},"end":{"line":25,"column":20}},"12":{"start":{"line":28,"column":9},"end":{"line":28,"column":26}}},"fnMap":{"0":{"name":"(anonymous_0)","decl":{"start":{"line":12,"column":26},"end":{"line":12,"column":27}},"loc":{"start":{"line":12,"column":76},"end":{"line":26,"column":1}}},"1":{"name":"(anonymous_1)","decl":{"start":{"line":19,"column":26},"end":{"line":19,"column":27}},"loc":{"start":{"line":19,"column":42},"end":{"line":24,"column":3}}}},"branchMap":{"0":{"loc":{"start":{"line":13,"column":2},"end":{"line":15,"column":null}},"type":"if","locations":[{"start":{"line":13,"column":2},"end":{"line":15,"column":null}},{"start":{"line":13,"column":2},"end":{"line":15,"column":null}}]},"1":{"loc":{"start":{"line":20,"column":4},"end":{"line":22,"column":null}},"type":"if","locations":[{"start":{"line":20,"column":4},"end":{"line":22,"column":null}},{"start":{"line":20,"column":4},"end":{"line":22,"column":null}}]}},"s":{"0":6,"1":6,"2":6,"3":4,"4":1,"5":3,"6":3,"7":3,"8":15,"9":6,"10":9,"11":3,"12":6},"f":{"0":4,"1":15},"b":{"0":[1,3],"1":[6,9]}}
,"/Users/bytedance/Desktop/utils/lib/array/shallowCloneList.ts": {"path":"/Users/bytedance/Desktop/utils/lib/array/shallowCloneList.ts","statementMap":{"0":{"start":{"line":9,"column":25},"end":{"line":9,"column":73}},"1":{"start":{"line":9,"column":55},"end":{"line":9,"column":73}},"2":{"start":{"line":10,"column":9},"end":{"line":10,"column":25}}},"fnMap":{"0":{"name":"(anonymous_0)","decl":{"start":{"line":9,"column":25},"end":{"line":9,"column":26}},"loc":{"start":{"line":9,"column":55},"end":{"line":9,"column":73}}}},"branchMap":{},"s":{"0":6,"1":5,"2":6},"f":{"0":5},"b":{}}
,"/Users/bytedance/Desktop/utils/lib/date/getTimezone.ts": {"path":"/Users/bytedance/Desktop/utils/lib/date/getTimezone.ts","statementMap":{"0":{"start":{"line":1,"column":0},"end":{"line":1,"column":41}},"1":{"start":{"line":2,"column":0},"end":{"line":2,"column":37}},"2":{"start":{"line":12,"column":20},"end":{"line":22,"column":1}},"3":{"start":{"line":13,"column":21},"end":{"line":13,"column":31}},"4":{"start":{"line":15,"column":34},"end":{"line":15,"column":59}},"5":{"start":{"line":16,"column":24},"end":{"line":16,"column":51}},"6":{"start":{"line":17,"column":26},"end":{"line":17,"column":51}},"7":{"start":{"line":18,"column":2},"end":{"line":21,"column":4}},"8":{"start":{"line":24,"column":9},"end":{"line":24,"column":20}}},"fnMap":{"0":{"name":"(anonymous_0)","decl":{"start":{"line":12,"column":20},"end":{"line":12,"column":59}},"loc":{"start":{"line":12,"column":61},"end":{"line":22,"column":1}}}},"branchMap":{},"s":{"0":1,"1":1,"2":1,"3":1,"4":1,"5":1,"6":1,"7":1,"8":1},"f":{"0":1},"b":{}}
,"/Users/bytedance/Desktop/utils/lib/number/abs.ts": {"path":"/Users/bytedance/Desktop/utils/lib/number/abs.ts","statementMap":{"0":{"start":{"line":9,"column":12},"end":{"line":9,"column":50}},"1":{"start":{"line":9,"column":37},"end":{"line":9,"column":50}},"2":{"start":{"line":10,"column":9},"end":{"line":10,"column":12}}},"fnMap":{"0":{"name":"(anonymous_0)","decl":{"start":{"line":9,"column":12},"end":{"line":9,"column":13}},"loc":{"start":{"line":9,"column":37},"end":{"line":9,"column":50}}}},"branchMap":{},"s":{"0":6,"1":403,"2":6},"f":{"0":403},"b":{}}
,"/Users/bytedance/Desktop/utils/lib/number/inRange.ts": {"path":"/Users/bytedance/Desktop/utils/lib/number/inRange.ts","statementMap":{"0":{"start":{"line":1,"column":0},"end":{"line":1,"column":54}},"1":{"start":{"line":2,"column":0},"end":{"line":2,"column":48}},"2":{"start":{"line":14,"column":16},"end":{"line":15,"column":56}},"3":{"start":{"line":15,"column":2},"end":{"line":15,"column":56}},"4":{"start":{"line":17,"column":9},"end":{"line":17,"column":16}}},"fnMap":{"0":{"name":"(anonymous_0)","decl":{"start":{"line":14,"column":16},"end":{"line":14,"column":17}},"loc":{"start":{"line":15,"column":2},"end":{"line":15,"column":56}}}},"branchMap":{"0":{"loc":{"start":{"line":15,"column":2},"end":{"line":15,"column":28}},"type":"binary-expr","locations":[{"start":{"line":15,"column":2},"end":{"line":15,"column":28}},{"start":{"line":15,"column":32},"end":{"line":15,"column":56}}]}},"s":{"0":5,"1":5,"2":5,"3":700,"4":5},"f":{"0":700},"b":{"0":[700,600]}}
,"/Users/bytedance/Desktop/utils/lib/number/isFloat.ts": {"path":"/Users/bytedance/Desktop/utils/lib/number/isFloat.ts","statementMap":{"0":{"start":{"line":1,"column":0},"end":{"line":1,"column":32}},"1":{"start":{"line":10,"column":16},"end":{"line":10,"column":60}},"2":{"start":{"line":10,"column":42},"end":{"line":10,"column":60}},"3":{"start":{"line":12,"column":9},"end":{"line":12,"column":16}}},"fnMap":{"0":{"name":"(anonymous_0)","decl":{"start":{"line":10,"column":16},"end":{"line":10,"column":17}},"loc":{"start":{"line":10,"column":42},"end":{"line":10,"column":60}}}},"branchMap":{},"s":{"0":11,"1":11,"2":30,"3":11},"f":{"0":30},"b":{}}
,"/Users/bytedance/Desktop/utils/lib/number/isFloatEqual.ts": {"path":"/Users/bytedance/Desktop/utils/lib/number/isFloatEqual.ts","statementMap":{"0":{"start":{"line":1,"column":0},"end":{"line":1,"column":28}},"1":{"start":{"line":11,"column":21},"end":{"line":12,"column":35}},"2":{"start":{"line":12,"column":2},"end":{"line":12,"column":35}},"3":{"start":{"line":14,"column":9},"end":{"line":14,"column":21}}},"fnMap":{"0":{"name":"(anonymous_0)","decl":{"start":{"line":11,"column":21},"end":{"line":11,"column":22}},"loc":{"start":{"line":12,"column":2},"end":{"line":12,"column":35}}}},"branchMap":{},"s":{"0":5,"1":5,"2":402,"3":5},"f":{"0":402},"b":{}}
,"/Users/bytedance/Desktop/utils/lib/number/isGreater.ts": {"path":"/Users/bytedance/Desktop/utils/lib/number/isGreater.ts","statementMap":{"0":{"start":{"line":10,"column":18},"end":{"line":11,"column":43}},"1":{"start":{"line":11,"column":2},"end":{"line":11,"column":43}},"2":{"start":{"line":13,"column":9},"end":{"line":13,"column":18}}},"fnMap":{"0":{"name":"(anonymous_0)","decl":{"start":{"line":10,"column":18},"end":{"line":10,"column":19}},"loc":{"start":{"line":11,"column":2},"end":{"line":11,"column":43}}}},"branchMap":{},"s":{"0":5,"1":705,"2":5},"f":{"0":705},"b":{}}
,"/Users/bytedance/Desktop/utils/lib/number/isGreaterOrEqual.ts": {"path":"/Users/bytedance/Desktop/utils/lib/number/isGreaterOrEqual.ts","statementMap":{"0":{"start":{"line":1,"column":0},"end":{"line":1,"column":40}},"1":{"start":{"line":2,"column":0},"end":{"line":2,"column":46}},"2":{"start":{"line":13,"column":25},"end":{"line":14,"column":77}},"3":{"start":{"line":14,"column":2},"end":{"line":14,"column":77}},"4":{"start":{"line":16,"column":9},"end":{"line":16,"column":25}}},"fnMap":{"0":{"name":"(anonymous_0)","decl":{"start":{"line":13,"column":25},"end":{"line":13,"column":26}},"loc":{"start":{"line":14,"column":2},"end":{"line":14,"column":77}}}},"branchMap":{"0":{"loc":{"start":{"line":14,"column":2},"end":{"line":14,"column":36}},"type":"binary-expr","locations":[{"start":{"line":14,"column":2},"end":{"line":14,"column":36}},{"start":{"line":14,"column":40},"end":{"line":14,"column":77}}]}},"s":{"0":5,"1":5,"2":5,"3":700,"4":5},"f":{"0":700},"b":{"0":[700,200]}}
,"/Users/bytedance/Desktop/utils/lib/number/isLess.ts": {"path":"/Users/bytedance/Desktop/utils/lib/number/isLess.ts","statementMap":{"0":{"start":{"line":10,"column":15},"end":{"line":11,"column":43}},"1":{"start":{"line":11,"column":2},"end":{"line":11,"column":43}},"2":{"start":{"line":13,"column":9},"end":{"line":13,"column":15}}},"fnMap":{"0":{"name":"(anonymous_0)","decl":{"start":{"line":10,"column":15},"end":{"line":10,"column":16}},"loc":{"start":{"line":11,"column":2},"end":{"line":11,"column":43}}}},"branchMap":{},"s":{"0":5,"1":600,"2":5},"f":{"0":600},"b":{}}
,"/Users/bytedance/Desktop/utils/lib/number/isLessOrEqual.ts": {"path":"/Users/bytedance/Desktop/utils/lib/number/isLessOrEqual.ts","statementMap":{"0":{"start":{"line":1,"column":0},"end":{"line":1,"column":34}},"1":{"start":{"line":2,"column":0},"end":{"line":2,"column":46}},"2":{"start":{"line":13,"column":22},"end":{"line":14,"column":74}},"3":{"start":{"line":14,"column":2},"end":{"line":14,"column":74}},"4":{"start":{"line":16,"column":9},"end":{"line":16,"column":22}}},"fnMap":{"0":{"name":"(anonymous_0)","decl":{"start":{"line":13,"column":22},"end":{"line":13,"column":23}},"loc":{"start":{"line":14,"column":2},"end":{"line":14,"column":74}}}},"branchMap":{"0":{"loc":{"start":{"line":14,"column":2},"end":{"line":14,"column":33}},"type":"binary-expr","locations":[{"start":{"line":14,"column":2},"end":{"line":14,"column":33}},{"start":{"line":14,"column":37},"end":{"line":14,"column":74}}]}},"s":{"0":5,"1":5,"2":5,"3":600,"4":5},"f":{"0":600},"b":{"0":[600,200]}}
,"/Users/bytedance/Desktop/utils/lib/number/isPrime.ts": {"path":"/Users/bytedance/Desktop/utils/lib/number/isPrime.ts","statementMap":{"0":{"start":{"line":1,"column":0},"end":{"line":1,"column":36}},"1":{"start":{"line":10,"column":16},"end":{"line":31,"column":1}},"2":{"start":{"line":12,"column":2},"end":{"line":14,"column":null}},"3":{"start":{"line":13,"column":4},"end":{"line":13,"column":17}},"4":{"start":{"line":16,"column":2},"end":{"line":18,"column":null}},"5":{"start":{"line":17,"column":4},"end":{"line":17,"column":16}},"6":{"start":{"line":21,"column":2},"end":{"line":23,"column":null}},"7":{"start":{"line":22,"column":4},"end":{"line":22,"column":17}},"8":{"start":{"line":24,"column":23},"end":{"line":24,"column":37}},"9":{"start":{"line":25,"column":2},"end":{"line":29,"column":null}},"10":{"start":{"line":25,"column":15},"end":{"line":25,"column":16}},"11":{"start":{"line":26,"column":4},"end":{"line":28,"column":null}},"12":{"start":{"line":27,"column":6},"end":{"line":27,"column":19}},"13":{"start":{"line":30,"column":2},"end":{"line":30,"column":14}},"14":{"start":{"line":33,"column":9},"end":{"line":33,"column":16}}},"fnMap":{"0":{"name":"(anonymous_0)","decl":{"start":{"line":10,"column":16},"end":{"line":10,"column":17}},"loc":{"start":{"line":10,"column":41},"end":{"line":31,"column":1}}}},"branchMap":{"0":{"loc":{"start":{"line":12,"column":2},"end":{"line":14,"column":null}},"type":"if","locations":[{"start":{"line":12,"column":2},"end":{"line":14,"column":null}},{"start":{"line":12,"column":2},"end":{"line":14,"column":null}}]},"1":{"loc":{"start":{"line":12,"column":6},"end":{"line":12,"column":18}},"type":"binary-expr","locations":[{"start":{"line":12,"column":6},"end":{"line":12,"column":18}},{"start":{"line":12,"column":22},"end":{"line":12,"column":30}}]},"2":{"loc":{"start":{"line":16,"column":2},"end":{"line":18,"column":null}},"type":"if","locations":[{"start":{"line":16,"column":2},"end":{"line":18,"column":null}},{"start":{"line":16,"column":2},"end":{"line":18,"column":null}}]},"3":{"loc":{"start":{"line":21,"column":2},"end":{"line":23,"column":null}},"type":"if","locations":[{"start":{"line":21,"column":2},"end":{"line":23,"column":null}},{"start":{"line":21,"column":2},"end":{"line":23,"column":null}}]},"4":{"loc":{"start":{"line":21,"column":6},"end":{"line":21,"column":18}},"type":"binary-expr","locations":[{"start":{"line":21,"column":6},"end":{"line":21,"column":18}},{"start":{"line":21,"column":22},"end":{"line":21,"column":34}}]},"5":{"loc":{"start":{"line":26,"column":4},"end":{"line":28,"column":null}},"type":"if","locations":[{"start":{"line":26,"column":4},"end":{"line":28,"column":null}},{"start":{"line":26,"column":4},"end":{"line":28,"column":null}}]},"6":{"loc":{"start":{"line":26,"column":8},"end":{"line":26,"column":20}},"type":"binary-expr","locations":[{"start":{"line":26,"column":8},"end":{"line":26,"column":20}},{"start":{"line":26,"column":24},"end":{"line":26,"column":42}}]}},"s":{"0":5,"1":5,"2":22,"3":6,"4":16,"5":2,"6":14,"7":7,"8":7,"9":7,"10":7,"11":4,"12":1,"13":6,"14":5},"f":{"0":22},"b":{"0":[6,16],"1":[22,19],"2":[2,14],"3":[7,7],"4":[14,12],"5":[1,3],"6":[4,3]}}
,"/Users/bytedance/Desktop/utils/lib/number/random.ts": {"path":"/Users/bytedance/Desktop/utils/lib/number/random.ts","statementMap":{"0":{"start":{"line":10,"column":15},"end":{"line":13,"column":1}},"1":{"start":{"line":11,"column":19},"end":{"line":11,"column":29}},"2":{"start":{"line":12,"column":2},"end":{"line":12,"column":40}},"3":{"start":{"line":15,"column":9},"end":{"line":15,"column":15}}},"fnMap":{"0":{"name":"(anonymous_0)","decl":{"start":{"line":10,"column":15},"end":{"line":10,"column":16}},"loc":{"start":{"line":10,"column":53},"end":{"line":13,"column":1}}}},"branchMap":{},"s":{"0":11,"1":741,"2":741,"3":11},"f":{"0":741},"b":{}}
,"/Users/bytedance/Desktop/utils/lib/number/trunc.ts": {"path":"/Users/bytedance/Desktop/utils/lib/number/trunc.ts","statementMap":{"0":{"start":{"line":8,"column":14},"end":{"line":8,"column":44}},"1":{"start":{"line":8,"column":39},"end":{"line":8,"column":44}},"2":{"start":{"line":10,"column":9},"end":{"line":10,"column":14}}},"fnMap":{"0":{"name":"(anonymous_0)","decl":{"start":{"line":8,"column":14},"end":{"line":8,"column":15}},"loc":{"start":{"line":8,"column":39},"end":{"line":8,"column":44}}}},"branchMap":{},"s":{"0":12,"1":81,"2":12},"f":{"0":81},"b":{}}
,"/Users/bytedance/Desktop/utils/lib/object/EventBus.ts": {"path":"/Users/bytedance/Desktop/utils/lib/object/EventBus.ts","statementMap":{"0":{"start":{"line":17,"column":10},"end":{"line":17,"column":58}},"1":{"start":{"line":26,"column":4},"end":{"line":26,"column":42}},"2":{"start":{"line":35,"column":4},"end":{"line":40,"column":null}},"3":{"start":{"line":36,"column":6},"end":{"line":36,"column":47}},"4":{"start":{"line":37,"column":6},"end":{"line":37,"column":18}},"5":{"start":{"line":39,"column":6},"end":{"line":39,"column":19}},"6":{"start":{"line":49,"column":4},"end":{"line":49,"column":42}},"7":{"start":{"line":53,"column":9},"end":{"line":53,"column":17}}},"fnMap":{"0":{"name":"(anonymous_0)","decl":{"start":{"line":12,"column":0},"end":{"line":12,"column":6}},"loc":{"start":{"line":12,"column":0},"end":{"line":51,"column":1}}},"1":{"name":"(anonymous_1)","decl":{"start":{"line":25,"column":2},"end":{"line":25,"column":4}},"loc":{"start":{"line":25,"column":37},"end":{"line":27,"column":3}}},"2":{"name":"(anonymous_2)","decl":{"start":{"line":34,"column":2},"end":{"line":34,"column":6}},"loc":{"start":{"line":34,"column":38},"end":{"line":41,"column":3}}},"3":{"name":"(anonymous_3)","decl":{"start":{"line":48,"column":2},"end":{"line":48,"column":5}},"loc":{"start":{"line":48,"column":18},"end":{"line":50,"column":3}}}},"branchMap":{"0":{"loc":{"start":{"line":35,"column":4},"end":{"line":40,"column":null}},"type":"if","locations":[{"start":{"line":35,"column":4},"end":{"line":40,"column":null}},{"start":{"line":35,"column":4},"end":{"line":40,"column":null}}]}},"s":{"0":1,"1":1,"2":2,"3":1,"4":1,"5":1,"6":2,"7":1},"f":{"0":1,"1":1,"2":2,"3":2},"b":{"0":[1,1]}}
,"/Users/bytedance/Desktop/utils/lib/string/isPalindrome.ts": {"path":"/Users/bytedance/Desktop/utils/lib/string/isPalindrome.ts","statementMap":{"0":{"start":{"line":9,"column":21},"end":{"line":26,"column":1}},"1":{"start":{"line":11,"column":2},"end":{"line":13,"column":null}},"2":{"start":{"line":12,"column":4},"end":{"line":12,"column":17}},"3":{"start":{"line":15,"column":2},"end":{"line":17,"column":null}},"4":{"start":{"line":16,"column":4},"end":{"line":16,"column":16}},"5":{"start":{"line":19,"column":20},"end":{"line":19,"column":34}},"6":{"start":{"line":20,"column":2},"end":{"line":24,"column":null}},"7":{"start":{"line":20,"column":19},"end":{"line":20,"column":20}},"8":{"start":{"line":21,"column":4},"end":{"line":23,"column":null}},"9":{"start":{"line":22,"column":6},"end":{"line":22,"column":19}},"10":{"start":{"line":25,"column":2},"end":{"line":25,"column":14}},"11":{"start":{"line":28,"column":9},"end":{"line":28,"column":21}}},"fnMap":{"0":{"name":"(anonymous_0)","decl":{"start":{"line":9,"column":21},"end":{"line":9,"column":22}},"loc":{"start":{"line":9,"column":46},"end":{"line":26,"column":1}}}},"branchMap":{"0":{"loc":{"start":{"line":11,"column":2},"end":{"line":13,"column":null}},"type":"if","locations":[{"start":{"line":11,"column":2},"end":{"line":13,"column":null}},{"start":{"line":11,"column":2},"end":{"line":13,"column":null}}]},"1":{"loc":{"start":{"line":15,"column":2},"end":{"line":17,"column":null}},"type":"if","locations":[{"start":{"line":15,"column":2},"end":{"line":17,"column":null}},{"start":{"line":15,"column":2},"end":{"line":17,"column":null}}]},"2":{"loc":{"start":{"line":21,"column":4},"end":{"line":23,"column":null}},"type":"if","locations":[{"start":{"line":21,"column":4},"end":{"line":23,"column":null}},{"start":{"line":21,"column":4},"end":{"line":23,"column":null}}]}},"s":{"0":3,"1":7,"2":1,"3":6,"4":1,"5":5,"6":5,"7":5,"8":6,"9":2,"10":3,"11":3},"f":{"0":7},"b":{"0":[1,6],"1":[1,5],"2":[2,4]}}
,"/Users/bytedance/Desktop/utils/lib/string/matchThroughout.ts": {"path":"/Users/bytedance/Desktop/utils/lib/string/matchThroughout.ts","statementMap":{"0":{"start":{"line":11,"column":24},"end":{"line":30,"column":1}},"1":{"start":{"line":16,"column":21},"end":{"line":16,"column":46}},"2":{"start":{"line":17,"column":2},"end":{"line":19,"column":null}},"3":{"start":{"line":18,"column":4},"end":{"line":18,"column":16}},"4":{"start":{"line":20,"column":19},"end":{"line":20,"column":42}},"5":{"start":{"line":21,"column":2},"end":{"line":23,"column":null}},"6":{"start":{"line":22,"column":4},"end":{"line":22,"column":16}},"7":{"start":{"line":24,"column":21},"end":{"line":24,"column":37}},"8":{"start":{"line":25,"column":19},"end":{"line":25,"column":34}},"9":{"start":{"line":26,"column":2},"end":{"line":28,"column":null}},"10":{"start":{"line":27,"column":4},"end":{"line":27,"column":16}},"11":{"start":{"line":29,"column":2},"end":{"line":29,"column":54}},"12":{"start":{"line":32,"column":9},"end":{"line":32,"column":24}}},"fnMap":{"0":{"name":"(anonymous_0)","decl":{"start":{"line":11,"column":24},"end":{"line":11,"column":null}},"loc":{"start":{"line":15,"column":19},"end":{"line":30,"column":1}}}},"branchMap":{"0":{"loc":{"start":{"line":17,"column":2},"end":{"line":19,"column":null}},"type":"if","locations":[{"start":{"line":17,"column":2},"end":{"line":19,"column":null}},{"start":{"line":17,"column":2},"end":{"line":19,"column":null}}]},"1":{"loc":{"start":{"line":21,"column":2},"end":{"line":23,"column":null}},"type":"if","locations":[{"start":{"line":21,"column":2},"end":{"line":23,"column":null}},{"start":{"line":21,"column":2},"end":{"line":23,"column":null}}]},"2":{"loc":{"start":{"line":26,"column":2},"end":{"line":28,"column":null}},"type":"if","locations":[{"start":{"line":26,"column":2},"end":{"line":28,"column":null}},{"start":{"line":26,"column":2},"end":{"line":28,"column":null}}]}},"s":{"0":3,"1":9,"2":9,"3":2,"4":7,"5":7,"6":2,"7":5,"8":5,"9":5,"10":1,"11":4,"12":3},"f":{"0":9},"b":{"0":[2,7],"1":[2,5],"2":[1,4]}}
,"/Users/bytedance/Desktop/utils/lib/string/reverseString.ts": {"path":"/Users/bytedance/Desktop/utils/lib/string/reverseString.ts","statementMap":{"0":{"start":{"line":9,"column":22},"end":{"line":15,"column":1}},"1":{"start":{"line":10,"column":2},"end":{"line":12,"column":null}},"2":{"start":{"line":11,"column":4},"end":{"line":11,"column":15}},"3":{"start":{"line":13,"column":28},"end":{"line":13,"column":51}},"4":{"start":{"line":14,"column":2},"end":{"line":14,"column":26}},"5":{"start":{"line":17,"column":9},"end":{"line":17,"column":22}}},"fnMap":{"0":{"name":"(anonymous_0)","decl":{"start":{"line":9,"column":22},"end":{"line":9,"column":23}},"loc":{"start":{"line":9,"column":46},"end":{"line":15,"column":1}}}},"branchMap":{"0":{"loc":{"start":{"line":10,"column":2},"end":{"line":12,"column":null}},"type":"if","locations":[{"start":{"line":10,"column":2},"end":{"line":12,"column":null}},{"start":{"line":10,"column":2},"end":{"line":12,"column":null}}]},"1":{"loc":{"start":{"line":10,"column":6},"end":{"line":10,"column":22}},"type":"binary-expr","locations":[{"start":{"line":10,"column":6},"end":{"line":10,"column":22}},{"start":{"line":10,"column":26},"end":{"line":10,"column":42}}]}},"s":{"0":3,"1":5,"2":2,"3":3,"4":3,"5":3},"f":{"0":5},"b":{"0":[2,3],"1":[5,4]}}
}
