TN:
SF:lib/array/exchangeItemByIndex.ts
FN:13,(anonymous_0)
FNF:1
FNH:1
FNDA:6,(anonymous_0)
DA:1,6
DA:2,6
DA:13,6
DA:19,6
DA:27,3
DA:29,3
DA:30,3
DA:31,3
DA:32,3
DA:33,3
DA:36,6
LF:11
LH:11
BRDA:19,0,0,3
BRDA:19,0,1,3
BRDA:20,1,0,6
BRDA:20,1,1,5
BRDA:20,1,2,5
BRDA:20,1,3,5
BRDA:20,1,4,3
BRDA:20,1,5,3
BRF:8
BRH:8
end_of_record
TN:
SF:lib/array/foreachList.ts
FN:10,(anonymous_0)
FNF:1
FNH:1
FNDA:31,(anonymous_0)
DA:10,8
DA:14,31
DA:15,91
DA:16,91
DA:17,91
DA:21,8
LF:6
LH:6
BRDA:17,0,0,2
BRDA:17,0,1,89
BRF:2
BRH:2
end_of_record
TN:
SF:lib/array/randomItems.ts
FN:13,(anonymous_0)
FNF:1
FNH:1
FNDA:23,(anonymous_0)
DA:1,6
DA:2,6
DA:13,6
DA:14,23
DA:20,2
DA:22,21
DA:23,21
DA:24,41
DA:25,41
DA:27,21
DA:30,6
LF:11
LH:11
BRDA:13,0,0,1
BRDA:14,1,0,2
BRDA:14,1,1,21
BRDA:15,2,0,23
BRDA:15,2,1,23
BRDA:15,2,2,22
BRF:6
BRH:6
end_of_record
TN:
SF:lib/array/range.ts
FN:12,(anonymous_0)
FNF:1
FNH:1
FNDA:4,(anonymous_0)
DA:1,6
DA:12,6
DA:14,4
DA:15,2
DA:17,2
DA:18,2
DA:19,5
DA:21,2
DA:24,6
LF:9
LH:9
BRDA:14,0,0,2
BRDA:14,0,1,2
BRF:2
BRH:2
end_of_record
TN:
SF:lib/array/removeItemByIndex.ts
FN:12,(anonymous_0)
FN:19,(anonymous_1)
FNF:2
FNH:2
FNDA:4,(anonymous_0)
FNDA:15,(anonymous_1)
DA:1,6
DA:2,6
DA:12,6
DA:13,4
DA:14,1
DA:17,3
DA:18,3
DA:19,3
DA:20,15
DA:21,6
DA:23,9
DA:25,3
DA:28,6
LF:13
LH:13
BRDA:13,0,0,1
BRDA:13,0,1,3
BRDA:20,1,0,6
BRDA:20,1,1,9
BRF:4
BRH:4
end_of_record
TN:
SF:lib/array/shallowCloneList.ts
FN:9,(anonymous_0)
FNF:1
FNH:1
FNDA:5,(anonymous_0)
DA:9,6
DA:10,6
LF:2
LH:2
BRF:0
BRH:0
end_of_record
TN:
SF:lib/date/getTimezone.ts
FN:12,(anonymous_0)
FNF:1
FNH:1
FNDA:1,(anonymous_0)
DA:1,1
DA:2,1
DA:12,1
DA:13,1
DA:15,1
DA:16,1
DA:17,1
DA:18,1
DA:24,1
LF:9
LH:9
BRF:0
BRH:0
end_of_record
TN:
SF:lib/number/abs.ts
FN:9,(anonymous_0)
FNF:1
FNH:1
FNDA:403,(anonymous_0)
DA:9,403
DA:10,6
LF:2
LH:2
BRF:0
BRH:0
end_of_record
TN:
SF:lib/number/inRange.ts
FN:14,(anonymous_0)
FNF:1
FNH:1
FNDA:700,(anonymous_0)
DA:1,5
DA:2,5
DA:14,5
DA:15,700
DA:17,5
LF:5
LH:5
BRDA:15,0,0,700
BRDA:15,0,1,600
BRF:2
BRH:2
end_of_record
TN:
SF:lib/number/isFloat.ts
FN:10,(anonymous_0)
FNF:1
FNH:1
FNDA:30,(anonymous_0)
DA:1,11
DA:10,30
DA:12,11
LF:3
LH:3
BRF:0
BRH:0
end_of_record
TN:
SF:lib/number/isFloatEqual.ts
FN:11,(anonymous_0)
FNF:1
FNH:1
FNDA:402,(anonymous_0)
DA:1,5
DA:11,5
DA:12,402
DA:14,5
LF:4
LH:4
BRF:0
BRH:0
end_of_record
TN:
SF:lib/number/isGreater.ts
FN:10,(anonymous_0)
FNF:1
FNH:1
FNDA:705,(anonymous_0)
DA:10,5
DA:11,705
DA:13,5
LF:3
LH:3
BRF:0
BRH:0
end_of_record
TN:
SF:lib/number/isGreaterOrEqual.ts
FN:13,(anonymous_0)
FNF:1
FNH:1
FNDA:700,(anonymous_0)
DA:1,5
DA:2,5
DA:13,5
DA:14,700
DA:16,5
LF:5
LH:5
BRDA:14,0,0,700
BRDA:14,0,1,200
BRF:2
BRH:2
end_of_record
TN:
SF:lib/number/isLess.ts
FN:10,(anonymous_0)
FNF:1
FNH:1
FNDA:600,(anonymous_0)
DA:10,5
DA:11,600
DA:13,5
LF:3
LH:3
BRF:0
BRH:0
end_of_record
TN:
SF:lib/number/isLessOrEqual.ts
FN:13,(anonymous_0)
FNF:1
FNH:1
FNDA:600,(anonymous_0)
DA:1,5
DA:2,5
DA:13,5
DA:14,600
DA:16,5
LF:5
LH:5
BRDA:14,0,0,600
BRDA:14,0,1,200
BRF:2
BRH:2
end_of_record
TN:
SF:lib/number/isPrime.ts
FN:10,(anonymous_0)
FNF:1
FNH:1
FNDA:22,(anonymous_0)
DA:1,5
DA:10,5
DA:12,22
DA:13,6
DA:16,16
DA:17,2
DA:21,14
DA:22,7
DA:24,7
DA:25,7
DA:26,4
DA:27,1
DA:30,6
DA:33,5
LF:14
LH:14
BRDA:12,0,0,6
BRDA:12,0,1,16
BRDA:12,1,0,22
BRDA:12,1,1,19
BRDA:16,2,0,2
BRDA:16,2,1,14
BRDA:21,3,0,7
BRDA:21,3,1,7
BRDA:21,4,0,14
BRDA:21,4,1,12
BRDA:26,5,0,1
BRDA:26,5,1,3
BRDA:26,6,0,4
BRDA:26,6,1,3
BRF:14
BRH:14
end_of_record
TN:
SF:lib/number/random.ts
FN:10,(anonymous_0)
FNF:1
FNH:1
FNDA:741,(anonymous_0)
DA:10,11
DA:11,741
DA:12,741
DA:15,11
LF:4
LH:4
BRF:0
BRH:0
end_of_record
TN:
SF:lib/number/trunc.ts
FN:8,(anonymous_0)
FNF:1
FNH:1
FNDA:81,(anonymous_0)
DA:8,81
DA:10,12
LF:2
LH:2
BRF:0
BRH:0
end_of_record
TN:
SF:lib/object/EventBus.ts
FN:12,(anonymous_0)
FN:25,(anonymous_1)
FN:34,(anonymous_2)
FN:48,(anonymous_3)
FNF:4
FNH:4
FNDA:1,(anonymous_0)
FNDA:1,(anonymous_1)
FNDA:2,(anonymous_2)
FNDA:2,(anonymous_3)
DA:17,1
DA:26,1
DA:35,2
DA:36,1
DA:37,1
DA:39,1
DA:49,2
DA:53,1
LF:8
LH:8
BRDA:35,0,0,1
BRDA:35,0,1,1
BRF:2
BRH:2
end_of_record
TN:
SF:lib/string/isPalindrome.ts
FN:9,(anonymous_0)
FNF:1
FNH:1
FNDA:7,(anonymous_0)
DA:9,3
DA:11,7
DA:12,1
DA:15,6
DA:16,1
DA:19,5
DA:20,5
DA:21,6
DA:22,2
DA:25,3
DA:28,3
LF:11
LH:11
BRDA:11,0,0,1
BRDA:11,0,1,6
BRDA:15,1,0,1
BRDA:15,1,1,5
BRDA:21,2,0,2
BRDA:21,2,1,4
BRF:6
BRH:6
end_of_record
TN:
SF:lib/string/matchThroughout.ts
FN:11,(anonymous_0)
FNF:1
FNH:1
FNDA:9,(anonymous_0)
DA:11,3
DA:16,9
DA:17,9
DA:18,2
DA:20,7
DA:21,7
DA:22,2
DA:24,5
DA:25,5
DA:26,5
DA:27,1
DA:29,4
DA:32,3
LF:13
LH:13
BRDA:17,0,0,2
BRDA:17,0,1,7
BRDA:21,1,0,2
BRDA:21,1,1,5
BRDA:26,2,0,1
BRDA:26,2,1,4
BRF:6
BRH:6
end_of_record
TN:
SF:lib/string/reverseString.ts
FN:9,(anonymous_0)
FNF:1
FNH:1
FNDA:5,(anonymous_0)
DA:9,3
DA:10,5
DA:11,2
DA:13,3
DA:14,3
DA:17,3
LF:6
LH:6
BRDA:10,0,0,2
BRDA:10,0,1,3
BRDA:10,1,0,5
BRDA:10,1,1,4
BRF:4
BRH:4
end_of_record
